0 info it worked if it ends with ok
1 verbose cli [ '/usr/local/bin/node',
1 verbose cli   '/usr/local/bin/npm',
1 verbose cli   'run',
1 verbose cli   'webpack-watch' ]
2 info using npm@3.3.12
3 info using node@v5.4.1
4 verbose run-script [ 'prewebpack-watch', 'webpack-watch', 'postwebpack-watch' ]
5 info lifecycle react-fullstack-node-newhand@1.0.0~prewebpack-watch: react-fullstack-node-newhand@1.0.0
6 silly lifecycle react-fullstack-node-newhand@1.0.0~prewebpack-watch: no script for prewebpack-watch, continuing
7 info lifecycle react-fullstack-node-newhand@1.0.0~webpack-watch: react-fullstack-node-newhand@1.0.0
8 verbose lifecycle react-fullstack-node-newhand@1.0.0~webpack-watch: unsafe-perm in lifecycle true
9 verbose lifecycle react-fullstack-node-newhand@1.0.0~webpack-watch: PATH: /usr/local/lib/node_modules/npm/bin/node-gyp-bin:/Users/equalsbrackets/Documents/react-for-beginners-fullstack/archaic-monolithic/node_modules/.bin:/usr/local/lib/node_modules/npm/bin/node-gyp-bin:/Users/equalsbrackets/Documents/react-for-beginners-fullstack/archaic-monolithic/node_modules/.bin:/Users/equalsbrackets/.rvm/gems/ruby-2.2.0/bin:/Users/equalsbrackets/.rvm/gems/ruby-2.2.0@global/bin:/Users/equalsbrackets/.rvm/rubies/ruby-2.2.0/bin:/usr/local/heroku/bin:/Users/equalsbrackets/.jenv/shims:/Users/equalsbrackets/.jenv/bin:/usr/local/bin:/usr/bin:/bin:/usr/sbin:/sbin:/opt/ImageMagick/bin:/Users/equalsbrackets/.rvm/bin
10 verbose lifecycle react-fullstack-node-newhand@1.0.0~webpack-watch: CWD: /Users/equalsbrackets/Documents/react-for-beginners-fullstack/archaic-monolithic
11 silly lifecycle react-fullstack-node-newhand@1.0.0~webpack-watch: Args: [ '-c', 'webpack -w' ]
12 silly lifecycle react-fullstack-node-newhand@1.0.0~webpack-watch: Returned: code: 1  signal: null
13 info lifecycle react-fullstack-node-newhand@1.0.0~webpack-watch: Failed to exec webpack-watch script
14 verbose stack Error: react-fullstack-node-newhand@1.0.0 webpack-watch: `webpack -w`
14 verbose stack Exit status 1
14 verbose stack     at EventEmitter.<anonymous> (/usr/local/lib/node_modules/npm/lib/utils/lifecycle.js:232:16)
14 verbose stack     at emitTwo (events.js:87:13)
14 verbose stack     at EventEmitter.emit (events.js:172:7)
14 verbose stack     at ChildProcess.<anonymous> (/usr/local/lib/node_modules/npm/lib/utils/spawn.js:24:14)
14 verbose stack     at emitTwo (events.js:87:13)
14 verbose stack     at ChildProcess.emit (events.js:172:7)
14 verbose stack     at maybeClose (internal/child_process.js:821:16)
14 verbose stack     at Process.ChildProcess._handle.onexit (internal/child_process.js:211:5)
15 verbose pkgid react-fullstack-node-newhand@1.0.0
16 verbose cwd /Users/equalsbrackets/Documents/react-for-beginners-fullstack/archaic-monolithic
17 error Darwin 14.0.0
18 error argv "/usr/local/bin/node" "/usr/local/bin/npm" "run" "webpack-watch"
19 error node v5.4.1
20 error npm  v3.3.12
21 error code ELIFECYCLE
22 error react-fullstack-node-newhand@1.0.0 webpack-watch: `webpack -w`
22 error Exit status 1
23 error Failed at the react-fullstack-node-newhand@1.0.0 webpack-watch script 'webpack -w'.
23 error Make sure you have the latest version of node.js and npm installed.
23 error If you do, this is most likely a problem with the react-fullstack-node-newhand package,
23 error not with npm itself.
23 error Tell the author that this fails on your system:
23 error     webpack -w
23 error You can get their info via:
23 error     npm owner ls react-fullstack-node-newhand
23 error There is likely additional logging output above.
24 verbose exit [ 1, true ]
